[21:37:56] [main/INFO] (FabricLoader/GameProvider) Loading Minecraft 1.19.3 with Fabric Loader 0.14.21
[21:37:56] [main/INFO] (FabricLoader) Loading 46 mods:
	- fabric-api 0.76.1+1.19.3
	- fabric-api-base 0.4.21+70be179c85
	- fabric-api-lookup-api-v1 1.6.20+49abcf7e85
	- fabric-biome-api-v1 12.1.2+f1c68e5885
	- fabric-block-api-v1 1.0.5+e022e5d185
	- fabric-blockrenderlayer-v1 1.1.31+928d44d585
	- fabric-client-tags-api-v1 1.0.12+1134c5b885
	- fabric-command-api-v2 2.2.2+2961b4a085
	- fabric-content-registries-v0 3.5.3+1d37d50285
	- fabric-convention-tags-v1 1.3.0+521b5c5285
	- fabric-crash-report-info-v1 0.2.14+aeb40ebe85
	- fabric-data-generation-api-v1 11.3.3+40dc7a9485
	- fabric-dimensions-v1 2.1.42+00a2eb1085
	- fabric-entity-events-v1 1.5.7+b83334a085
	- fabric-events-interaction-v0 0.4.40+3baeb27a85
	- fabric-game-rule-api-v1 1.0.30+99f9db8085
	- fabric-gametest-api-v1 1.2.2+2ff127f585
	- fabric-item-api-v1 2.1.11+71b8257385
	- fabric-item-group-api-v1 2.1.14+b5470ac785
	- fabric-key-binding-api-v1 1.0.31+bc01e09785
	- fabric-lifecycle-events-v1 2.2.10+23a79c8a85
	- fabric-loot-api-v2 1.1.22+75e9821185
	- fabric-message-api-v1 5.1.0+c85585f885
	- fabric-mining-level-api-v1 2.1.33+49abcf7e85
	- fabric-models-v0 0.3.27+11ba9c3b85
	- fabric-networking-api-v1 1.2.17+4017a8cb85
	- fabric-object-builder-api-v1 5.4.3+eb2a3ba985
	- fabric-particles-v1 1.0.20+f1e4495b85
	- fabric-recipe-api-v1 1.0.1+5176f73d85
	- fabric-registry-sync-v0 2.1.0+f7b4d36485
	- fabric-renderer-api-v1 2.2.2+3a95925a85
	- fabric-renderer-indigo 0.8.0+3a95925a85
	- fabric-rendering-data-attachment-v1 0.3.25+afca2f3e85
	- fabric-rendering-fluids-v1 3.0.18+f1e4495b85
	- fabric-rendering-v1 1.13.0+ad17775585
	- fabric-resource-conditions-api-v1 2.3.0+e63306e085
	- fabric-resource-loader-v0 0.11.1+b93ffe4d85
	- fabric-screen-api-v1 1.0.41+f1e4495b85
	- fabric-screen-handler-api-v1 1.3.13+99f9db8085
	- fabric-sound-api-v1 1.0.8+75e9821185
	- fabric-transfer-api-v1 2.1.15+ccd377ba85
	- fabric-transitive-access-wideners-v1 2.3.1+40dc7a9485
	- fabricloader 0.14.21
	- java 17
	- minecraft 1.19.3
	- more-minerals 1.0.0
[21:37:56] [main/INFO] (FabricLoader/Mixin) SpongePowered MIXIN Subsystem Version=0.8.5 Source=file:/C:/Users/Alex%20ao/.gradle/caches/modules-2/files-2.1/net.fabricmc/sponge-mixin/0.12.5+mixin.0.8.5/8d31fb97c3e0cd7c8dad3441851c523bcfae6d8e/sponge-mixin-0.12.5+mixin.0.8.5.jar Service=Knot/Fabric Env=CLIENT
[21:37:57] [main/INFO] (FabricLoader/Mixin) Loaded Fabric development mappings for mixin remapper!
[21:37:57] [main/INFO] (FabricLoader/Mixin) Compatibility level set to JAVA_16
[21:37:57] [main/INFO] (FabricLoader/Mixin) Compatibility level set to JAVA_17
[21:38:06] [main/INFO] (Minecraft) Building optimized datafixer
[21:38:15] [Render thread/INFO] (Minecraft) Environment: authHost='https://authserver.mojang.com', accountsHost='https://api.mojang.com', sessionHost='https://sessionserver.mojang.com', servicesHost='https://api.minecraftservices.com', name='PROD'
[21:38:16] [Render thread/ERROR] (Minecraft) Failed to verify authentication
com.mojang.authlib.exceptions.InvalidCredentialsException: Status: 401
	at com.mojang.authlib.exceptions.MinecraftClientHttpException.toAuthenticationException(MinecraftClientHttpException.java:56) ~[authlib-3.16.29.jar:?]
	at com.mojang.authlib.yggdrasil.YggdrasilUserApiService.fetchProperties(YggdrasilUserApiService.java:156) ~[authlib-3.16.29.jar:?]
	at com.mojang.authlib.yggdrasil.YggdrasilUserApiService.<init>(YggdrasilUserApiService.java:55) ~[authlib-3.16.29.jar:?]
	at com.mojang.authlib.yggdrasil.YggdrasilAuthenticationService.createUserApiService(YggdrasilAuthenticationService.java:161) ~[authlib-3.16.29.jar:?]
	at net.minecraft.client.MinecraftClient.createUserApiService(MinecraftClient.java:707) ~[minecraft-merged-project-root-1.19.3-net.fabricmc.yarn.1_19_3.1.19.3+build.5-v2.jar:?]
	at net.minecraft.client.MinecraftClient.<init>(MinecraftClient.java:504) ~[minecraft-merged-project-root-1.19.3-net.fabricmc.yarn.1_19_3.1.19.3+build.5-v2.jar:?]
	at net.minecraft.client.main.Main.main(Main.java:184) ~[minecraft-merged-project-root-1.19.3-net.fabricmc.yarn.1_19_3.1.19.3+build.5-v2.jar:?]
	at net.minecraft.client.main.Main.main(Main.java:56) ~[minecraft-merged-project-root-1.19.3-net.fabricmc.yarn.1_19_3.1.19.3+build.5-v2.jar:?]
	at net.fabricmc.loader.impl.game.minecraft.MinecraftGameProvider.launch(MinecraftGameProvider.java:468) ~[fabric-loader-0.14.21.jar:?]
	at net.fabricmc.loader.impl.launch.knot.Knot.launch(Knot.java:74) ~[fabric-loader-0.14.21.jar:?]
	at net.fabricmc.loader.impl.launch.knot.KnotClient.main(KnotClient.java:23) ~[fabric-loader-0.14.21.jar:?]
	at net.fabricmc.devlaunchinjector.Main.main(Main.java:86) ~[dev-launch-injector-0.2.1+build.8.jar:?]
Caused by: com.mojang.authlib.exceptions.MinecraftClientHttpException: Status: 401
	at com.mojang.authlib.minecraft.client.MinecraftClient.readInputStream(MinecraftClient.java:85) ~[authlib-3.16.29.jar:?]
	at com.mojang.authlib.minecraft.client.MinecraftClient.get(MinecraftClient.java:48) ~[authlib-3.16.29.jar:?]
	at com.mojang.authlib.yggdrasil.YggdrasilUserApiService.fetchProperties(YggdrasilUserApiService.java:129) ~[authlib-3.16.29.jar:?]
	... 10 more
[21:38:16] [Render thread/INFO] (Minecraft) Setting user: Player206
[21:38:16] [Render thread/INFO] (more-minerals) Hello world!
[21:38:17] [Render thread/INFO] (Indigo) [Indigo] Registering Indigo renderer!
[21:38:19] [Render thread/INFO] (Minecraft) Backend library: LWJGL version 3.3.1 SNAPSHOT
[21:38:23] [Render thread/INFO] (Minecraft) Reloading ResourceManager: vanilla, Fabric Mods (Fabric Mining Level API (v1), Fabric Key Binding API (v1), Fabric API Lookup API (v1), Fabric Rendering (v1), Fabric Resource Loader (v0), Fabric Recipe API (v1), Fabric Game Test API (v1), Fabric Registry Sync (v0), Fabric Transfer API (v1), Fabric Screen Handler API (v1), Fabric Renderer API (v1), More Minerals, Fabric Networking API (v1), Fabric Models (v0), Fabric Command API (v2), Fabric Resource Conditions API (v1), Fabric Transitive Access Wideners (v1), Fabric Lifecycle Events (v1), Fabric Rendering Fluids (v1), Fabric Item API (v1), Fabric Item Group API (v1), Fabric BlockRenderLayer Registration (v1), Fabric Screen API (v1), Fabric Biome API (v1), Fabric Dimensions API (v1), Fabric Game Rule API (v1), Fabric Message API (v1), Fabric Loader, Fabric API Base, Fabric Convention Tags, Fabric Renderer - Indigo, Fabric Sound API (v1), Fabric Loot API (v2), Fabric Data Generation API (v1), Fabric Block API (v1), Fabric API, Fabric Crash Report Info (v1), Fabric Events Interaction (v0), Fabric Particles (v1), Fabric Object Builder API (v1), Fabric Client Tags, Fabric Rendering Data Attachment (v1), Fabric Entity Events (v1), Fabric Content Registries (v0))
[21:38:25] [Realms Notification Availability checker #1/INFO] (Minecraft) Could not authorize you against Realms server: Invalid session id
[21:38:28] [Render thread/WARN] (Minecraft) Missing sound for event: minecraft:item.goat_horn.play
[21:38:28] [Render thread/WARN] (Minecraft) Missing sound for event: minecraft:entity.goat.screaming.horn_break
[21:38:32] [Render thread/INFO] (Minecraft) OpenAL initialized on device OpenAL Soft on 扬声器 (Audio Device)
[21:38:32] [Render thread/INFO] (Minecraft) Sound engine started
[21:38:32] [Render thread/INFO] (Minecraft) Created: 1024x1024x4 minecraft:textures/atlas/blocks.png-atlas
[21:38:33] [Render thread/INFO] (Minecraft) Created: 512x256x4 minecraft:textures/atlas/signs.png-atlas
[21:38:33] [Render thread/INFO] (Minecraft) Created: 1024x512x4 minecraft:textures/atlas/shield_patterns.png-atlas
[21:38:33] [Render thread/INFO] (Minecraft) Created: 1024x512x4 minecraft:textures/atlas/banner_patterns.png-atlas
[21:38:33] [Render thread/INFO] (Minecraft) Created: 256x256x4 minecraft:textures/atlas/chest.png-atlas
[21:38:33] [Render thread/INFO] (Minecraft) Created: 512x256x4 minecraft:textures/atlas/shulker_boxes.png-atlas
[21:38:34] [Render thread/INFO] (Minecraft) Created: 512x256x4 minecraft:textures/atlas/beds.png-atlas
[21:38:35] [Render thread/WARN] (Minecraft) Shader rendertype_entity_translucent_emissive could not find sampler named Sampler2 in the specified shader program.
[21:38:35] [Render thread/INFO] (Minecraft) Created: 512x256x0 minecraft:textures/atlas/particles.png-atlas
[21:38:35] [Render thread/INFO] (Minecraft) Created: 256x256x0 minecraft:textures/atlas/paintings.png-atlas
[21:38:35] [Render thread/INFO] (Minecraft) Created: 256x128x0 minecraft:textures/atlas/mob_effects.png-atlas
[21:38:35] [Worker-Bootstrap-12/INFO] (Minecraft) 4445 Datafixer optimizations took 28971 milliseconds
[21:38:48] [Render thread/INFO] (Minecraft) Loaded 7 recipes
[21:38:49] [Render thread/INFO] (Minecraft) Loaded 1179 advancements
[21:38:49] [Render thread/INFO] (BiomeModificationImpl) Applied 0 biome modifications to 0 of 63 new biomes in 1.985 ms
[21:38:49] [Server thread/INFO] (Minecraft) Starting integrated minecraft server version 1.19.3
[21:38:49] [Server thread/INFO] (Minecraft) Generating keypair
[21:38:50] [Server thread/INFO] (Minecraft) Preparing start region for dimension minecraft:overworld
[21:38:55] [Render thread/INFO] (Minecraft) 准备生成区域中：0%
[21:38:55] [Render thread/INFO] (Minecraft) 准备生成区域中：0%
[21:38:55] [Render thread/INFO] (Minecraft) 准备生成区域中：0%
[21:38:55] [Render thread/INFO] (Minecraft) 准备生成区域中：0%
[21:38:55] [Render thread/INFO] (Minecraft) 准备生成区域中：0%
[21:38:55] [Render thread/INFO] (Minecraft) 准备生成区域中：0%
[21:38:55] [Render thread/INFO] (Minecraft) 准备生成区域中：0%
[21:38:55] [Render thread/INFO] (Minecraft) 准备生成区域中：0%
[21:38:55] [Render thread/INFO] (Minecraft) 准备生成区域中：0%
[21:38:55] [Render thread/INFO] (Minecraft) 准备生成区域中：0%
[21:38:55] [Render thread/INFO] (Minecraft) 准备生成区域中：12%
[21:38:56] [Render thread/INFO] (Minecraft) 准备生成区域中：58%
[21:38:56] [Render thread/INFO] (Minecraft) Time elapsed: 5798 ms
[21:38:57] [Server thread/INFO] (Minecraft) Changing view distance to 12, from 10
[21:38:57] [Server thread/INFO] (Minecraft) Changing simulation distance to 12, from 0
[21:39:01] [Server thread/INFO] (Minecraft) Player206[local:E:a277b3e2] logged in with entity id 247 at (-53.41525606411634, 82.0, -90.48553469290307)
[21:39:02] [Server thread/INFO] (Minecraft) Player206加入了游戏
[21:39:02] [Render thread/INFO] (Minecraft) Loaded 0 advancements
[21:39:04] [Server thread/INFO] (Minecraft) Saving and pausing game...
[21:39:04] [Server thread/INFO] (Minecraft) Saving chunks for level 'ServerLevel[新的世界]'/minecraft:overworld
[21:39:04] [Server thread/INFO] (Minecraft) Saving chunks for level 'ServerLevel[新的世界]'/minecraft:the_end
[21:39:04] [Server thread/INFO] (Minecraft) Saving chunks for level 'ServerLevel[新的世界]'/minecraft:the_nether
[21:39:44] [Server thread/INFO] (Minecraft) Saving and pausing game...
[21:39:44] [Server thread/INFO] (Minecraft) Saving chunks for level 'ServerLevel[新的世界]'/minecraft:overworld
[21:39:44] [Server thread/INFO] (Minecraft) Saving chunks for level 'ServerLevel[新的世界]'/minecraft:the_end
[21:39:44] [Server thread/INFO] (Minecraft) Saving chunks for level 'ServerLevel[新的世界]'/minecraft:the_nether
[21:39:45] [Server thread/INFO] (Minecraft) Player206 lost connection: 连接中断
[21:39:45] [Server thread/INFO] (Minecraft) Player206退出了游戏
[21:39:45] [Server thread/INFO] (Minecraft) Stopping singleplayer server as player logged out
[21:39:45] [Server thread/INFO] (Minecraft) Stopping server
[21:39:45] [Server thread/INFO] (Minecraft) Saving players
[21:39:45] [Server thread/INFO] (Minecraft) Saving worlds
[21:39:46] [Server thread/INFO] (Minecraft) Saving chunks for level 'ServerLevel[新的世界]'/minecraft:overworld
[21:39:46] [Server thread/INFO] (Minecraft) Saving chunks for level 'ServerLevel[新的世界]'/minecraft:the_end
[21:39:46] [Server thread/INFO] (Minecraft) Saving chunks for level 'ServerLevel[新的世界]'/minecraft:the_nether
[21:39:46] [Server thread/INFO] (Minecraft) ThreadedAnvilChunkStorage (新的世界): All chunks are saved
[21:39:46] [Server thread/INFO] (Minecraft) ThreadedAnvilChunkStorage (DIM1): All chunks are saved
[21:39:46] [Server thread/INFO] (Minecraft) ThreadedAnvilChunkStorage (DIM-1): All chunks are saved
[21:39:46] [Server thread/INFO] (Minecraft) ThreadedAnvilChunkStorage: All dimensions are saved
[21:39:47] [Render thread/INFO] (Minecraft) Stopping!
